<?xml version="1.0" encoding="UTF-8"?>
<!-- Generated by org.testng.reporters.JUnitReportReporter -->
<testsuite hostname="Ashok" failures="0" tests="3" name="storedFunctions.StoredFunctions" time="0.105" errors="0" timestamp="2022-05-05T10:53:23 IST" skipped="2">
  <testcase classname="storedFunctions.StoredFunctions" name="test_Customer_Level_Stored_function_Stored_Procedure" time="0.105"/>
  <system-out/>
  <testcase classname="storedFunctions.StoredFunctions" name="test_Customer_Level_Stored_function">
    <skipped/>
  </testcase> <!-- test_Customer_Level_Stored_function -->
  <system-out/>
  <testcase classname="storedFunctions.StoredFunctions" name="test_StoredFUnctionExits">
    <skipped/>
  </testcase> <!-- test_StoredFUnctionExits -->
  <system-out/>
</testsuite> <!-- storedFunctions.StoredFunctions -->
