<?xml version="1.0" encoding="UTF-8"?>
<!-- Generated by org.testng.reporters.JUnitReportReporter -->
<testsuite hostname="Ashok" failures="0" tests="6" name="storeProcedureTesting.SPTesting" time="0.181" errors="0" timestamp="2022-05-04T10:11:16 IST" skipped="0">
  <testcase classname="storeProcedureTesting.SPTesting" name="test_Get_Customer_ShippingDays" time="0.097"/>
  <system-out/>
  <testcase classname="storeProcedureTesting.SPTesting" name="test_SelectAllCustomersByCityAndPin" time="0.011"/>
  <system-out/>
  <testcase classname="storeProcedureTesting.SPTesting" name="test_StoreProcedureExists" time="0.005"/>
  <system-out/>
  <testcase classname="storeProcedureTesting.SPTesting" name="test_SelectAllCustomers" time="0.047"/>
  <system-out/>
  <testcase classname="storeProcedureTesting.SPTesting" name="test_get_order_by_customer_id" time="0.010"/>
  <system-out/>
  <testcase classname="storeProcedureTesting.SPTesting" name="test_SelectAllCustomersByCity" time="0.011"/>
  <system-out/>
</testsuite> <!-- storeProcedureTesting.SPTesting -->
