<?xml version="1.0" encoding="UTF-8"?>
<!-- Generated by org.testng.reporters.JUnitReportReporter -->
<testsuite hostname="Ashok" failures="0" tests="1" name="PractiseDBTesting.DataBaseTest" time="0.006" errors="0" timestamp="2022-05-16T10:49:44 IST" skipped="0">
  <testcase classname="PractiseDBTesting.DataBaseTest" name="testDataBase" time="0.006"/>
  <system-out/>
</testsuite> <!-- PractiseDBTesting.DataBaseTest -->
