<?xml version="1.0" encoding="UTF-8"?>
<!-- Generated by org.testng.reporters.JUnitReportReporter -->
<testsuite hostname="Ashok" failures="0" tests="6" name="practiseDBT.PractiseSQLQueries" time="0.040" errors="0" timestamp="2022-05-16T11:45:03 IST" skipped="5">
  <testcase classname="practiseDBT.PractiseSQLQueries" name="getColumnName" time="0.040"/>
  <system-out/>
  <testcase classname="practiseDBT.PractiseSQLQueries" name="getColumnCount">
    <skipped/>
  </testcase> <!-- getColumnCount -->
  <system-out/>
  <testcase classname="practiseDBT.PractiseSQLQueries" name="insertQuery">
    <skipped/>
  </testcase> <!-- insertQuery -->
  <system-out/>
  <testcase classname="practiseDBT.PractiseSQLQueries" name="deleteQuery">
    <skipped/>
  </testcase> <!-- deleteQuery -->
  <system-out/>
  <testcase classname="practiseDBT.PractiseSQLQueries" name="printallData">
    <skipped/>
  </testcase> <!-- printallData -->
  <system-out/>
  <testcase classname="practiseDBT.PractiseSQLQueries" name="updateQuery">
    <skipped/>
  </testcase> <!-- updateQuery -->
  <system-out/>
</testsuite> <!-- practiseDBT.PractiseSQLQueries -->
